#
# There is insufficient memory for the Java Runtime Environment to continue.
# Native memory allocation (malloc) failed to allocate 32784 bytes for Chunk::new
# Possible reasons:
#   The system is out of physical RAM or swap space
#   The process is running with CompressedOops enabled, and the Java Heap may be blocking the growth of the native heap
# Possible solutions:
#   Reduce memory load on the system
#   Increase physical memory or swap space
#   Check if swap backing store is full
#   Decrease Java heap size (-Xmx/-Xms)
#   Decrease number of Java threads
#   Decrease Java thread stack sizes (-Xss)
#   Set larger code cache with -XX:ReservedCodeCacheSize=
#   JVM is running with Zero Based Compressed Oops mode in which the Java heap is
#     placed in the first 32GB address space. The Java Heap base address is the
#     maximum limit for the native heap growth. Please use -XX:HeapBaseMinAddress
#     to set the Java Heap base and to place the Java Heap above 32GB virtual address.
# This output file may be truncated or incomplete.
#
#  Out of Memory Error (arena.cpp:189), pid=7156, tid=10516
#
# JRE version: Java(TM) SE Runtime Environment (17.0.5+9) (build 17.0.5+9-LTS-191)
# Java VM: Java HotSpot(TM) 64-Bit Server VM (17.0.5+9-LTS-191, mixed mode, sharing, tiered, compressed oops, compressed class ptrs, g1 gc, windows-amd64)
# No core dump will be written. Minidumps are not enabled by default on client versions of Windows
#

---------------  S U M M A R Y ------------

Command Line: -javaagent:C:\Users\hoang.nguyen2\AppData\Local\JetBrains\IntelliJ IDEA 2022.3\lib\idea_rt.jar=65156:C:\Users\hoang.nguyen2\AppData\Local\JetBrains\IntelliJ IDEA 2022.3\bin -Dfile.encoding=UTF-8 Bechmark.Main

Host: Intel(R) Core(TM) i9-8950HK CPU @ 2.90GHz, 12 cores, 31G,  Windows 11 , 64 bit Build 22621 (10.0.22621.2070)
Time: Mon Sep 11 12:42:06 2023 Mitteleuropäische Sommerzeit elapsed time: 8492.442340 seconds (0d 2h 21m 32s)

---------------  T H R E A D  ---------------

Current thread (0x0000020144f937f0):  JavaThread "C2 CompilerThread0" daemon [_thread_in_native, id=10516, stack(0x000000d726c00000,0x000000d726d00000)]


Current CompileTask:
C2:8492442 1729 %     4       GurobiSolver.DAR3Index::solveDAR3Index @ 2314 (2992 bytes)

Stack: [0x000000d726c00000,0x000000d726d00000]
Native frames: (J=compiled Java code, j=interpreted, Vv=VM code, C=native code)
V  [jvm.dll+0x672eea]
V  [jvm.dll+0x7d2a04]
V  [jvm.dll+0x7d41ae]
V  [jvm.dll+0x7d4813]
V  [jvm.dll+0x242c15]
V  [jvm.dll+0xaa57b]
V  [jvm.dll+0xaab0c]
V  [jvm.dll+0xaa68b]
V  [jvm.dll+0x65160c]
V  [jvm.dll+0x56793d]
V  [jvm.dll+0x5673fc]
V  [jvm.dll+0x56acc9]
V  [jvm.dll+0x56a5c7]
V  [jvm.dll+0x569bce]
V  [jvm.dll+0x569b95]
V  [jvm.dll+0x569be1]
V  [jvm.dll+0x569be1]
V  [jvm.dll+0x57bb48]
V  [jvm.dll+0x21de72]
V  [jvm.dll+0x2177c2]
V  [jvm.dll+0x214fdb]
V  [jvm.dll+0x1a18ed]
V  [jvm.dll+0x22493a]
V  [jvm.dll+0x222aa5]
V  [jvm.dll+0x7885db]
V  [jvm.dll+0x782b4a]
V  [jvm.dll+0x671d75]
C  [ucrtbase.dll+0x29363]
C  [KERNEL32.DLL+0x126ad]
C  [ntdll.dll+0x5aa68]


---------------  P R O C E S S  ---------------

Threads class SMR info:
_java_thread_list=0x0000020146a20ec0, length=13, elements={
0x0000020118840980, 0x0000020144f6e370, 0x0000020144f6ef20, 0x0000020144f82420,
0x0000020144f83fe0, 0x0000020144f84b90, 0x0000020144f8aa50, 0x0000020144f937f0,
0x0000020144f956a0, 0x0000020144fafb70, 0x00000201458e04a0, 0x0000020145a8d840,
0x0000020145a8dd10
}

Java Threads: ( => current thread )
  0x0000020118840980 JavaThread "main" [_thread_in_Java, id=6692, stack(0x000000d725f00000,0x000000d726000000)]
  0x0000020144f6e370 JavaThread "Reference Handler" daemon [_thread_blocked, id=17216, stack(0x000000d726600000,0x000000d726700000)]
  0x0000020144f6ef20 JavaThread "Finalizer" daemon [_thread_blocked, id=9824, stack(0x000000d726700000,0x000000d726800000)]
  0x0000020144f82420 JavaThread "Signal Dispatcher" daemon [_thread_blocked, id=17488, stack(0x000000d726800000,0x000000d726900000)]
  0x0000020144f83fe0 JavaThread "Attach Listener" daemon [_thread_blocked, id=8824, stack(0x000000d726900000,0x000000d726a00000)]
  0x0000020144f84b90 JavaThread "Service Thread" daemon [_thread_blocked, id=23380, stack(0x000000d726a00000,0x000000d726b00000)]
  0x0000020144f8aa50 JavaThread "Monitor Deflation Thread" daemon [_thread_blocked, id=22312, stack(0x000000d726b00000,0x000000d726c00000)]
=>0x0000020144f937f0 JavaThread "C2 CompilerThread0" daemon [_thread_in_native, id=10516, stack(0x000000d726c00000,0x000000d726d00000)]
  0x0000020144f956a0 JavaThread "C1 CompilerThread0" daemon [_thread_in_native, id=10832, stack(0x000000d726d00000,0x000000d726e00000)]
  0x0000020144fafb70 JavaThread "Sweeper thread" daemon [_thread_blocked, id=21496, stack(0x000000d726e00000,0x000000d726f00000)]
  0x00000201458e04a0 JavaThread "Common-Cleaner" daemon [_thread_blocked, id=13796, stack(0x000000d726f00000,0x000000d727000000)]
  0x0000020145a8d840 JavaThread "Monitor Ctrl-Break" daemon [_thread_in_native, id=5496, stack(0x000000d727000000,0x000000d727100000)]
  0x0000020145a8dd10 JavaThread "Notification Thread" daemon [_thread_blocked, id=10808, stack(0x000000d727100000,0x000000d727200000)]

Other Threads:
  0x0000020144f688d0 VMThread "VM Thread" [stack: 0x000000d726500000,0x000000d726600000] [id=15412]
  0x000002011890dd90 WatcherThread [stack: 0x000000d727200000,0x000000d727300000] [id=3508]
  0x00000201188ef6d0 GCTaskThread "GC Thread#0" [stack: 0x000000d726000000,0x000000d726100000] [id=3808]
  0x000002014740c110 GCTaskThread "GC Thread#1" [stack: 0x000000d727500000,0x000000d727600000] [id=12572]
  0x0000020145bfe7d0 GCTaskThread "GC Thread#2" [stack: 0x000000d727600000,0x000000d727700000] [id=6424]
  0x0000020146f04350 GCTaskThread "GC Thread#3" [stack: 0x000000d727700000,0x000000d727800000] [id=5216]
  0x0000020146d10a70 GCTaskThread "GC Thread#4" [stack: 0x000000d727800000,0x000000d727900000] [id=11272]
  0x0000020146d111a0 GCTaskThread "GC Thread#5" [stack: 0x000000d727900000,0x000000d727a00000] [id=4372]
  0x00000201470425c0 GCTaskThread "GC Thread#6" [stack: 0x000000d727a00000,0x000000d727b00000] [id=19328]
  0x0000020147042870 GCTaskThread "GC Thread#7" [stack: 0x000000d727b00000,0x000000d727c00000] [id=14660]
  0x0000020147420520 GCTaskThread "GC Thread#8" [stack: 0x000000d727c00000,0x000000d727d00000] [id=17776]
  0x00000201474207d0 GCTaskThread "GC Thread#9" [stack: 0x000000d727d00000,0x000000d727e00000] [id=10804]
  0x00000201189003d0 ConcurrentGCThread "G1 Main Marker" [stack: 0x000000d726100000,0x000000d726200000] [id=15516]
  0x0000020118900de0 ConcurrentGCThread "G1 Conc#0" [stack: 0x000000d726200000,0x000000d726300000] [id=11468]
  0x0000020144ea8720 ConcurrentGCThread "G1 Refine#0" [stack: 0x000000d726300000,0x000000d726400000] [id=19008]
  0x0000020144ea9e00 ConcurrentGCThread "G1 Service" [stack: 0x000000d726400000,0x000000d726500000] [id=10348]

Threads with active compile tasks:
C2 CompilerThread0  8492533 1729 %     4       GurobiSolver.DAR3Index::solveDAR3Index @ 2314 (2992 bytes)
C1 CompilerThread0  8492533 1739       3       java.util.Formatter$FormatSpecifier::addZeros (112 bytes)

VM state: not at safepoint (normal execution)

VM Mutex/Monitor currently owned by a thread: None

Heap address: 0x0000000604800000, size: 8120 MB, Compressed Oops mode: Zero based, Oop shift amount: 3

CDS archive(s) mapped at: [0x0000000800000000-0x0000000800bd0000-0x0000000800bd0000), size 12386304, SharedBaseAddress: 0x0000000800000000, ArchiveRelocationMode: 0.
Compressed class space mapped at: 0x0000000800c00000-0x0000000840c00000, reserved size: 1073741824
Narrow klass base: 0x0000000800000000, Narrow klass shift: 0, Narrow klass range: 0x100000000

GC Precious Log:
 CPUs: 12 total, 12 available
 Memory: 32475M
 Large Page Support: Disabled
 NUMA Support: Disabled
 Compressed Oops: Enabled (Zero based)
 Heap Region Size: 4M
 Heap Min Capacity: 8M
 Heap Initial Capacity: 508M
 Heap Max Capacity: 8120M
 Pre-touch: Disabled
 Parallel Workers: 10
 Concurrent Workers: 3
 Concurrent Refinement Workers: 10
 Periodic GC: Disabled

Heap:
 garbage-first heap   total 520192K, used 135456K [0x0000000604800000, 0x0000000800000000)
  region size 4096K, 34 young (139264K), 1 survivors (4096K)
 Metaspace       used 2552K, committed 2816K, reserved 1056768K
  class space    used 186K, committed 320K, reserved 1048576K

Heap Regions: E=young(eden), S=young(survivor), O=old, HS=humongous(starts), HC=humongous(continues), CS=collection set, F=free, OA=open archive, CA=closed archive, TAMS=top-at-mark-start (previous, next)
|   0|0x0000000604800000, 0x0000000604c00000, 0x0000000604c00000|100%| O|  |TAMS 0x0000000604800000, 0x0000000604800000| Untracked 
|   1|0x0000000604c00000, 0x0000000604c0e200, 0x0000000605000000|  1%| O|  |TAMS 0x0000000604c00000, 0x0000000604c00000| Untracked 
|   2|0x0000000605000000, 0x0000000605000000, 0x0000000605400000|  0%| F|  |TAMS 0x0000000605000000, 0x0000000605000000| Untracked 
|   3|0x0000000605400000, 0x0000000605400000, 0x0000000605800000|  0%| F|  |TAMS 0x0000000605400000, 0x0000000605400000| Untracked 
|   4|0x0000000605800000, 0x0000000605800000, 0x0000000605c00000|  0%| F|  |TAMS 0x0000000605800000, 0x0000000605800000| Untracked 
|   5|0x0000000605c00000, 0x0000000605c00000, 0x0000000606000000|  0%| F|  |TAMS 0x0000000605c00000, 0x0000000605c00000| Untracked 
|   6|0x0000000606000000, 0x0000000606000000, 0x0000000606400000|  0%| F|  |TAMS 0x0000000606000000, 0x0000000606000000| Untracked 
|   7|0x0000000606400000, 0x0000000606400000, 0x0000000606800000|  0%| F|  |TAMS 0x0000000606400000, 0x0000000606400000| Untracked 
|   8|0x0000000606800000, 0x0000000606800000, 0x0000000606c00000|  0%| F|  |TAMS 0x0000000606800000, 0x0000000606800000| Untracked 
|   9|0x0000000606c00000, 0x0000000606c00000, 0x0000000607000000|  0%| F|  |TAMS 0x0000000606c00000, 0x0000000606c00000| Untracked 
|  10|0x0000000607000000, 0x0000000607000000, 0x0000000607400000|  0%| F|  |TAMS 0x0000000607000000, 0x0000000607000000| Untracked 
|  11|0x0000000607400000, 0x0000000607400000, 0x0000000607800000|  0%| F|  |TAMS 0x0000000607400000, 0x0000000607400000| Untracked 
|  12|0x0000000607800000, 0x0000000607800000, 0x0000000607c00000|  0%| F|  |TAMS 0x0000000607800000, 0x0000000607800000| Untracked 
|  13|0x0000000607c00000, 0x0000000607c00000, 0x0000000608000000|  0%| F|  |TAMS 0x0000000607c00000, 0x0000000607c00000| Untracked 
|  14|0x0000000608000000, 0x0000000608000000, 0x0000000608400000|  0%| F|  |TAMS 0x0000000608000000, 0x0000000608000000| Untracked 
|  15|0x0000000608400000, 0x0000000608400000, 0x0000000608800000|  0%| F|  |TAMS 0x0000000608400000, 0x0000000608400000| Untracked 
|  16|0x0000000608800000, 0x0000000608800000, 0x0000000608c00000|  0%| F|  |TAMS 0x0000000608800000, 0x0000000608800000| Untracked 
|  17|0x0000000608c00000, 0x0000000608c00000, 0x0000000609000000|  0%| F|  |TAMS 0x0000000608c00000, 0x0000000608c00000| Untracked 
|  18|0x0000000609000000, 0x0000000609000000, 0x0000000609400000|  0%| F|  |TAMS 0x0000000609000000, 0x0000000609000000| Untracked 
|  19|0x0000000609400000, 0x0000000609400000, 0x0000000609800000|  0%| F|  |TAMS 0x0000000609400000, 0x0000000609400000| Untracked 
|  20|0x0000000609800000, 0x0000000609800000, 0x0000000609c00000|  0%| F|  |TAMS 0x0000000609800000, 0x0000000609800000| Untracked 
|  21|0x0000000609c00000, 0x0000000609c00000, 0x000000060a000000|  0%| F|  |TAMS 0x0000000609c00000, 0x0000000609c00000| Untracked 
|  22|0x000000060a000000, 0x000000060a000000, 0x000000060a400000|  0%| F|  |TAMS 0x000000060a000000, 0x000000060a000000| Untracked 
|  23|0x000000060a400000, 0x000000060a400000, 0x000000060a800000|  0%| F|  |TAMS 0x000000060a400000, 0x000000060a400000| Untracked 
|  24|0x000000060a800000, 0x000000060a800000, 0x000000060ac00000|  0%| F|  |TAMS 0x000000060a800000, 0x000000060a800000| Untracked 
|  25|0x000000060ac00000, 0x000000060ac00000, 0x000000060b000000|  0%| F|  |TAMS 0x000000060ac00000, 0x000000060ac00000| Untracked 
|  26|0x000000060b000000, 0x000000060b000000, 0x000000060b400000|  0%| F|  |TAMS 0x000000060b000000, 0x000000060b000000| Untracked 
|  27|0x000000060b400000, 0x000000060b400000, 0x000000060b800000|  0%| F|  |TAMS 0x000000060b400000, 0x000000060b400000| Untracked 
|  28|0x000000060b800000, 0x000000060b800000, 0x000000060bc00000|  0%| F|  |TAMS 0x000000060b800000, 0x000000060b800000| Untracked 
|  29|0x000000060bc00000, 0x000000060bc00000, 0x000000060c000000|  0%| F|  |TAMS 0x000000060bc00000, 0x000000060bc00000| Untracked 
|  30|0x000000060c000000, 0x000000060c000000, 0x000000060c400000|  0%| F|  |TAMS 0x000000060c000000, 0x000000060c000000| Untracked 
|  31|0x000000060c400000, 0x000000060c400000, 0x000000060c800000|  0%| F|  |TAMS 0x000000060c400000, 0x000000060c400000| Untracked 
|  32|0x000000060c800000, 0x000000060c800000, 0x000000060cc00000|  0%| F|  |TAMS 0x000000060c800000, 0x000000060c800000| Untracked 
|  33|0x000000060cc00000, 0x000000060cc00000, 0x000000060d000000|  0%| F|  |TAMS 0x000000060cc00000, 0x000000060cc00000| Untracked 
|  34|0x000000060d000000, 0x000000060d000000, 0x000000060d400000|  0%| F|  |TAMS 0x000000060d000000, 0x000000060d000000| Untracked 
|  35|0x000000060d400000, 0x000000060d400000, 0x000000060d800000|  0%| F|  |TAMS 0x000000060d400000, 0x000000060d400000| Untracked 
|  36|0x000000060d800000, 0x000000060d800000, 0x000000060dc00000|  0%| F|  |TAMS 0x000000060d800000, 0x000000060d800000| Untracked 
|  37|0x000000060dc00000, 0x000000060dc00000, 0x000000060e000000|  0%| F|  |TAMS 0x000000060dc00000, 0x000000060dc00000| Untracked 
|  38|0x000000060e000000, 0x000000060e000000, 0x000000060e400000|  0%| F|  |TAMS 0x000000060e000000, 0x000000060e000000| Untracked 
|  39|0x000000060e400000, 0x000000060e400000, 0x000000060e800000|  0%| F|  |TAMS 0x000000060e400000, 0x000000060e400000| Untracked 
|  40|0x000000060e800000, 0x000000060e800000, 0x000000060ec00000|  0%| F|  |TAMS 0x000000060e800000, 0x000000060e800000| Untracked 
|  41|0x000000060ec00000, 0x000000060ec00000, 0x000000060f000000|  0%| F|  |TAMS 0x000000060ec00000, 0x000000060ec00000| Untracked 
|  42|0x000000060f000000, 0x000000060f000000, 0x000000060f400000|  0%| F|  |TAMS 0x000000060f000000, 0x000000060f000000| Untracked 
|  43|0x000000060f400000, 0x000000060f400000, 0x000000060f800000|  0%| F|  |TAMS 0x000000060f400000, 0x000000060f400000| Untracked 
|  44|0x000000060f800000, 0x000000060f800000, 0x000000060fc00000|  0%| F|  |TAMS 0x000000060f800000, 0x000000060f800000| Untracked 
|  45|0x000000060fc00000, 0x000000060fc00000, 0x0000000610000000|  0%| F|  |TAMS 0x000000060fc00000, 0x000000060fc00000| Untracked 
|  46|0x0000000610000000, 0x0000000610000000, 0x0000000610400000|  0%| F|  |TAMS 0x0000000610000000, 0x0000000610000000| Untracked 
|  47|0x0000000610400000, 0x0000000610400000, 0x0000000610800000|  0%| F|  |TAMS 0x0000000610400000, 0x0000000610400000| Untracked 
|  48|0x0000000610800000, 0x0000000610800000, 0x0000000610c00000|  0%| F|  |TAMS 0x0000000610800000, 0x0000000610800000| Untracked 
|  49|0x0000000610c00000, 0x0000000610c00000, 0x0000000611000000|  0%| F|  |TAMS 0x0000000610c00000, 0x0000000610c00000| Untracked 
|  50|0x0000000611000000, 0x0000000611039f80, 0x0000000611400000|  5%| S|CS|TAMS 0x0000000611000000, 0x0000000611000000| Complete 
|  51|0x0000000611400000, 0x0000000611400000, 0x0000000611800000|  0%| F|  |TAMS 0x0000000611400000, 0x0000000611400000| Untracked 
|  52|0x0000000611800000, 0x0000000611800000, 0x0000000611c00000|  0%| F|  |TAMS 0x0000000611800000, 0x0000000611800000| Untracked 
|  53|0x0000000611c00000, 0x0000000611c00000, 0x0000000612000000|  0%| F|  |TAMS 0x0000000611c00000, 0x0000000611c00000| Untracked 
|  54|0x0000000612000000, 0x0000000612000000, 0x0000000612400000|  0%| F|  |TAMS 0x0000000612000000, 0x0000000612000000| Untracked 
|  55|0x0000000612400000, 0x0000000612400000, 0x0000000612800000|  0%| F|  |TAMS 0x0000000612400000, 0x0000000612400000| Untracked 
|  56|0x0000000612800000, 0x0000000612800000, 0x0000000612c00000|  0%| F|  |TAMS 0x0000000612800000, 0x0000000612800000| Untracked 
|  57|0x0000000612c00000, 0x0000000612c00000, 0x0000000613000000|  0%| F|  |TAMS 0x0000000612c00000, 0x0000000612c00000| Untracked 
|  58|0x0000000613000000, 0x0000000613000000, 0x0000000613400000|  0%| F|  |TAMS 0x0000000613000000, 0x0000000613000000| Untracked 
|  59|0x0000000613400000, 0x0000000613400000, 0x0000000613800000|  0%| F|  |TAMS 0x0000000613400000, 0x0000000613400000| Untracked 
|  60|0x0000000613800000, 0x0000000613800000, 0x0000000613c00000|  0%| F|  |TAMS 0x0000000613800000, 0x0000000613800000| Untracked 
|  61|0x0000000613c00000, 0x0000000613c00000, 0x0000000614000000|  0%| F|  |TAMS 0x0000000613c00000, 0x0000000613c00000| Untracked 
|  62|0x0000000614000000, 0x0000000614000000, 0x0000000614400000|  0%| F|  |TAMS 0x0000000614000000, 0x0000000614000000| Untracked 
|  63|0x0000000614400000, 0x0000000614400000, 0x0000000614800000|  0%| F|  |TAMS 0x0000000614400000, 0x0000000614400000| Untracked 
|  64|0x0000000614800000, 0x0000000614800000, 0x0000000614c00000|  0%| F|  |TAMS 0x0000000614800000, 0x0000000614800000| Untracked 
|  65|0x0000000614c00000, 0x0000000614c00000, 0x0000000615000000|  0%| F|  |TAMS 0x0000000614c00000, 0x0000000614c00000| Untracked 
|  66|0x0000000615000000, 0x0000000615000000, 0x0000000615400000|  0%| F|  |TAMS 0x0000000615000000, 0x0000000615000000| Untracked 
|  67|0x0000000615400000, 0x0000000615400000, 0x0000000615800000|  0%| F|  |TAMS 0x0000000615400000, 0x0000000615400000| Untracked 
|  68|0x0000000615800000, 0x0000000615800000, 0x0000000615c00000|  0%| F|  |TAMS 0x0000000615800000, 0x0000000615800000| Untracked 
|  69|0x0000000615c00000, 0x0000000615c00000, 0x0000000616000000|  0%| F|  |TAMS 0x0000000615c00000, 0x0000000615c00000| Untracked 
|  70|0x0000000616000000, 0x0000000616000000, 0x0000000616400000|  0%| F|  |TAMS 0x0000000616000000, 0x0000000616000000| Untracked 
|  71|0x0000000616400000, 0x0000000616400000, 0x0000000616800000|  0%| F|  |TAMS 0x0000000616400000, 0x0000000616400000| Untracked 
|  72|0x0000000616800000, 0x0000000616800000, 0x0000000616c00000|  0%| F|  |TAMS 0x0000000616800000, 0x0000000616800000| Untracked 
|  73|0x0000000616c00000, 0x0000000616c00000, 0x0000000617000000|  0%| F|  |TAMS 0x0000000616c00000, 0x0000000616c00000| Untracked 
|  74|0x0000000617000000, 0x0000000617000000, 0x0000000617400000|  0%| F|  |TAMS 0x0000000617000000, 0x0000000617000000| Untracked 
|  75|0x0000000617400000, 0x0000000617400000, 0x0000000617800000|  0%| F|  |TAMS 0x0000000617400000, 0x0000000617400000| Untracked 
|  76|0x0000000617800000, 0x0000000617800000, 0x0000000617c00000|  0%| F|  |TAMS 0x0000000617800000, 0x0000000617800000| Untracked 
|  77|0x0000000617c00000, 0x0000000617c00000, 0x0000000618000000|  0%| F|  |TAMS 0x0000000617c00000, 0x0000000617c00000| Untracked 
|  78|0x0000000618000000, 0x0000000618000000, 0x0000000618400000|  0%| F|  |TAMS 0x0000000618000000, 0x0000000618000000| Untracked 
|  79|0x0000000618400000, 0x0000000618400000, 0x0000000618800000|  0%| F|  |TAMS 0x0000000618400000, 0x0000000618400000| Untracked 
|  80|0x0000000618800000, 0x0000000618800000, 0x0000000618c00000|  0%| F|  |TAMS 0x0000000618800000, 0x0000000618800000| Untracked 
|  81|0x0000000618c00000, 0x0000000618c00000, 0x0000000619000000|  0%| F|  |TAMS 0x0000000618c00000, 0x0000000618c00000| Untracked 
|  82|0x0000000619000000, 0x0000000619000000, 0x0000000619400000|  0%| F|  |TAMS 0x0000000619000000, 0x0000000619000000| Untracked 
|  83|0x0000000619400000, 0x0000000619400000, 0x0000000619800000|  0%| F|  |TAMS 0x0000000619400000, 0x0000000619400000| Untracked 
|  84|0x0000000619800000, 0x0000000619800000, 0x0000000619c00000|  0%| F|  |TAMS 0x0000000619800000, 0x0000000619800000| Untracked 
|  85|0x0000000619c00000, 0x0000000619c00000, 0x000000061a000000|  0%| F|  |TAMS 0x0000000619c00000, 0x0000000619c00000| Untracked 
|  86|0x000000061a000000, 0x000000061a000000, 0x000000061a400000|  0%| F|  |TAMS 0x000000061a000000, 0x000000061a000000| Untracked 
|  87|0x000000061a400000, 0x000000061a400000, 0x000000061a800000|  0%| F|  |TAMS 0x000000061a400000, 0x000000061a400000| Untracked 
|  88|0x000000061a800000, 0x000000061a800000, 0x000000061ac00000|  0%| F|  |TAMS 0x000000061a800000, 0x000000061a800000| Untracked 
|  89|0x000000061ac00000, 0x000000061ac00000, 0x000000061b000000|  0%| F|  |TAMS 0x000000061ac00000, 0x000000061ac00000| Untracked 
|  90|0x000000061b000000, 0x000000061b000000, 0x000000061b400000|  0%| F|  |TAMS 0x000000061b000000, 0x000000061b000000| Untracked 
|  91|0x000000061b400000, 0x000000061b400000, 0x000000061b800000|  0%| F|  |TAMS 0x000000061b400000, 0x000000061b400000| Untracked 
|  92|0x000000061b800000, 0x000000061b800000, 0x000000061bc00000|  0%| F|  |TAMS 0x000000061b800000, 0x000000061b800000| Untracked 
|  93|0x000000061bc00000, 0x000000061be00800, 0x000000061c000000| 50%| E|  |TAMS 0x000000061bc00000, 0x000000061bc00000| Complete 
|  94|0x000000061c000000, 0x000000061c400000, 0x000000061c400000|100%| E|CS|TAMS 0x000000061c000000, 0x000000061c000000| Complete 
|  95|0x000000061c400000, 0x000000061c800000, 0x000000061c800000|100%| E|CS|TAMS 0x000000061c400000, 0x000000061c400000| Complete 
|  96|0x000000061c800000, 0x000000061cc00000, 0x000000061cc00000|100%| E|CS|TAMS 0x000000061c800000, 0x000000061c800000| Complete 
|  97|0x000000061cc00000, 0x000000061d000000, 0x000000061d000000|100%| E|CS|TAMS 0x000000061cc00000, 0x000000061cc00000| Complete 
|  98|0x000000061d000000, 0x000000061d400000, 0x000000061d400000|100%| E|CS|TAMS 0x000000061d000000, 0x000000061d000000| Complete 
|  99|0x000000061d400000, 0x000000061d800000, 0x000000061d800000|100%| E|CS|TAMS 0x000000061d400000, 0x000000061d400000| Complete 
| 100|0x000000061d800000, 0x000000061dc00000, 0x000000061dc00000|100%| E|CS|TAMS 0x000000061d800000, 0x000000061d800000| Complete 
| 101|0x000000061dc00000, 0x000000061e000000, 0x000000061e000000|100%| E|CS|TAMS 0x000000061dc00000, 0x000000061dc00000| Complete 
| 102|0x000000061e000000, 0x000000061e400000, 0x000000061e400000|100%| E|CS|TAMS 0x000000061e000000, 0x000000061e000000| Complete 
| 103|0x000000061e400000, 0x000000061e800000, 0x000000061e800000|100%| E|CS|TAMS 0x000000061e400000, 0x000000061e400000| Complete 
| 104|0x000000061e800000, 0x000000061ec00000, 0x000000061ec00000|100%| E|CS|TAMS 0x000000061e800000, 0x000000061e800000| Complete 
| 105|0x000000061ec00000, 0x000000061f000000, 0x000000061f000000|100%| E|CS|TAMS 0x000000061ec00000, 0x000000061ec00000| Complete 
| 106|0x000000061f000000, 0x000000061f400000, 0x000000061f400000|100%| E|CS|TAMS 0x000000061f000000, 0x000000061f000000| Complete 
| 107|0x000000061f400000, 0x000000061f800000, 0x000000061f800000|100%| E|CS|TAMS 0x000000061f400000, 0x000000061f400000| Complete 
| 108|0x000000061f800000, 0x000000061fc00000, 0x000000061fc00000|100%| E|CS|TAMS 0x000000061f800000, 0x000000061f800000| Complete 
| 109|0x000000061fc00000, 0x0000000620000000, 0x0000000620000000|100%| E|CS|TAMS 0x000000061fc00000, 0x000000061fc00000| Complete 
| 110|0x0000000620000000, 0x0000000620400000, 0x0000000620400000|100%| E|CS|TAMS 0x0000000620000000, 0x0000000620000000| Complete 
| 111|0x0000000620400000, 0x0000000620800000, 0x0000000620800000|100%| E|CS|TAMS 0x0000000620400000, 0x0000000620400000| Complete 
| 112|0x0000000620800000, 0x0000000620c00000, 0x0000000620c00000|100%| E|CS|TAMS 0x0000000620800000, 0x0000000620800000| Complete 
| 113|0x0000000620c00000, 0x0000000621000000, 0x0000000621000000|100%| E|CS|TAMS 0x0000000620c00000, 0x0000000620c00000| Complete 
| 114|0x0000000621000000, 0x0000000621400000, 0x0000000621400000|100%| E|CS|TAMS 0x0000000621000000, 0x0000000621000000| Complete 
| 115|0x0000000621400000, 0x0000000621800000, 0x0000000621800000|100%| E|CS|TAMS 0x0000000621400000, 0x0000000621400000| Complete 
| 116|0x0000000621800000, 0x0000000621c00000, 0x0000000621c00000|100%| E|CS|TAMS 0x0000000621800000, 0x0000000621800000| Complete 
| 117|0x0000000621c00000, 0x0000000622000000, 0x0000000622000000|100%| E|CS|TAMS 0x0000000621c00000, 0x0000000621c00000| Complete 
| 118|0x0000000622000000, 0x0000000622400000, 0x0000000622400000|100%| E|CS|TAMS 0x0000000622000000, 0x0000000622000000| Complete 
| 119|0x0000000622400000, 0x0000000622800000, 0x0000000622800000|100%| E|CS|TAMS 0x0000000622400000, 0x0000000622400000| Complete 
| 120|0x0000000622800000, 0x0000000622c00000, 0x0000000622c00000|100%| E|CS|TAMS 0x0000000622800000, 0x0000000622800000| Complete 
| 121|0x0000000622c00000, 0x0000000623000000, 0x0000000623000000|100%| E|CS|TAMS 0x0000000622c00000, 0x0000000622c00000| Complete 
| 122|0x0000000623000000, 0x0000000623400000, 0x0000000623400000|100%| E|CS|TAMS 0x0000000623000000, 0x0000000623000000| Complete 
| 123|0x0000000623400000, 0x0000000623800000, 0x0000000623800000|100%| E|CS|TAMS 0x0000000623400000, 0x0000000623400000| Complete 
| 124|0x0000000623800000, 0x0000000623c00000, 0x0000000623c00000|100%| E|CS|TAMS 0x0000000623800000, 0x0000000623800000| Complete 
| 125|0x0000000623c00000, 0x0000000624000000, 0x0000000624000000|100%| E|CS|TAMS 0x0000000623c00000, 0x0000000623c00000| Complete 
| 126|0x0000000624000000, 0x0000000624400000, 0x0000000624400000|100%| E|CS|TAMS 0x0000000624000000, 0x0000000624000000| Complete 

Card table byte_map: [0x0000020130da0000,0x0000020131d80000] _byte_map_base: 0x000002012dd7c000

Marking Bits (Prev, Next): (CMBitMap*) 0x00000201188efce0, (CMBitMap*) 0x00000201188efd20
 Prev Bits: [0x0000020132d60000, 0x000002013ac40000)
 Next Bits: [0x000002013ac40000, 0x0000020142b20000)

Polling page: 0x0000020117000000

Metaspace:

Usage:
  Non-class:      2.31 MB used.
      Class:    186.36 KB used.
       Both:      2.49 MB used.

Virtual space:
  Non-class space:        8.00 MB reserved,       2.44 MB ( 30%) committed,  1 nodes.
      Class space:        1.00 GB reserved,     320.00 KB ( <1%) committed,  1 nodes.
             Both:        1.01 GB reserved,       2.75 MB ( <1%) committed. 

Chunk freelists:
   Non-Class:  3.20 MB
       Class:  3.61 MB
        Both:  6.81 MB

MaxMetaspaceSize: unlimited
CompressedClassSpaceSize: 1.00 GB
Initial GC threshold: 21.00 MB
Current GC threshold: 21.00 MB
CDS: on
MetaspaceReclaimPolicy: balanced
 - commit_granule_bytes: 65536.
 - commit_granule_words: 8192.
 - virtual_space_node_default_size: 1048576.
 - enlarge_chunks_in_place: 1.
 - new_chunks_are_fully_committed: 0.
 - uncommit_free_chunks: 1.
 - use_allocation_guard: 0.
 - handle_deallocations: 1.


Internal statistics:

num_allocs_failed_limit: 0.
num_arena_births: 182.
num_arena_deaths: 0.
num_vsnodes_births: 2.
num_vsnodes_deaths: 0.
num_space_committed: 44.
num_space_uncommitted: 0.
num_chunks_returned_to_freelist: 0.
num_chunks_taken_from_freelist: 246.
num_chunk_merges: 0.
num_chunk_splits: 162.
num_chunks_enlarged: 97.
num_purges: 0.
num_inconsistent_stats: 0.

CodeHeap 'non-profiled nmethods': size=120000Kb used=2137Kb max_used=3024Kb free=117862Kb
 bounds [0x0000020127c10000, 0x0000020127f10000, 0x000002012f140000]
CodeHeap 'profiled nmethods': size=120000Kb used=1493Kb max_used=3237Kb free=118506Kb
 bounds [0x00000201206e0000, 0x0000020120a10000, 0x0000020127c10000]
CodeHeap 'non-nmethods': size=5760Kb used=1179Kb max_used=1430Kb free=4580Kb
 bounds [0x0000020120140000, 0x00000201203b0000, 0x00000201206e0000]
 total_blobs=1755 nmethods=1278 adapters=390
 compilation: enabled
              stopped_count=0, restarted_count=0
 full_count=0

Compilation events (20 events):
Event: 8365.204 Thread 0x0000020144f937f0 1722       4       java.util.ComparableTimSort::mergeForceCollapse (50 bytes)
Event: 8365.206 Thread 0x0000020144f937f0 nmethod 1722 0x0000020127e3cf90 code [0x0000020127e3d120, 0x0000020127e3d2a8]
Event: 8365.284 Thread 0x0000020144f937f0 1723       4       java.util.ComparableTimSort::<init> (160 bytes)
Event: 8365.293 Thread 0x0000020144f937f0 nmethod 1723 0x0000020127c1bb10 code [0x0000020127c1bca0, 0x0000020127c1c3d8]
Event: 8431.433 Thread 0x0000020144f937f0 1724       4       java.lang.CharacterData::of (136 bytes)
Event: 8431.434 Thread 0x0000020144f937f0 nmethod 1724 0x0000020127c10a10 code [0x0000020127c10b80, 0x0000020127c10c18]
Event: 8450.136 Thread 0x0000020144f937f0 1725       4       java.util.ComparableTimSort::mergeAt (356 bytes)
Event: 8450.141 Thread 0x0000020144f937f0 nmethod 1725 0x0000020127c3c910 code [0x0000020127c3cae0, 0x0000020127c3cf10]
Event: 8480.328 Thread 0x0000020144f937f0 1726       4       java.util.ComparableTimSort::minRunLength (43 bytes)
Event: 8480.329 Thread 0x0000020144f937f0 nmethod 1726 0x0000020127c31c10 code [0x0000020127c31d80, 0x0000020127c31e18]
Event: 8492.326 Thread 0x0000020144f956a0 1727       3       Service.HelperService$$Lambda$53/0x0000000800c157e0::accept (16 bytes)
Event: 8492.326 Thread 0x0000020144f956a0 nmethod 1727 0x00000201207ed510 code [0x00000201207ed6c0, 0x00000201207ed908]
Event: 8492.326 Thread 0x0000020144f956a0 1728       3       Service.HelperService::lambda$caculateReferencePoint$2 (27 bytes)
Event: 8492.326 Thread 0x0000020144f956a0 nmethod 1728 0x0000020120741210 code [0x00000201207413e0, 0x0000020120741618]
Event: 8492.392 Thread 0x0000020144f937f0 1729 %     4       GurobiSolver.DAR3Index::solveDAR3Index @ 2314 (2992 bytes)
Event: 8492.413 Thread 0x0000020144f956a0 1732       3       java.util.Locale::getDefault (4 bytes)
Event: 8492.414 Thread 0x0000020144f956a0 nmethod 1732 0x0000020120826510 code [0x00000201208266a0, 0x0000020120826798]
Event: 8492.414 Thread 0x0000020144f956a0 1737       3       java.lang.AbstractStringBuilder::appendChars (130 bytes)
Event: 8492.414 Thread 0x0000020144f956a0 nmethod 1737 0x0000020120709910 code [0x0000020120709b00, 0x000002012070a0a8]
Event: 8492.414 Thread 0x0000020144f956a0 1739       3       java.util.Formatter$FormatSpecifier::addZeros (112 bytes)

GC Heap History (20 events):
Event: 8482.505 GC heap before
{Heap before GC invocations=775 (full 0):
 garbage-first heap   total 520192K, used 311521K [0x0000000604800000, 0x0000000800000000)
  region size 4096K, 76 young (311296K), 1 survivors (4096K)
 Metaspace       used 2518K, committed 2752K, reserved 1056768K
  class space    used 186K, committed 320K, reserved 1048576K
}
Event: 8482.507 GC heap after
{Heap after GC invocations=776 (full 0):
 garbage-first heap   total 520192K, used 4487K [0x0000000604800000, 0x0000000800000000)
  region size 4096K, 1 young (4096K), 1 survivors (4096K)
 Metaspace       used 2518K, committed 2752K, reserved 1056768K
  class space    used 186K, committed 320K, reserved 1048576K
}
Event: 8483.530 GC heap before
{Heap before GC invocations=776 (full 0):
 garbage-first heap   total 520192K, used 311687K [0x0000000604800000, 0x0000000800000000)
  region size 4096K, 76 young (311296K), 1 survivors (4096K)
 Metaspace       used 2518K, committed 2752K, reserved 1056768K
  class space    used 186K, committed 320K, reserved 1048576K
}
Event: 8483.531 GC heap after
{Heap after GC invocations=777 (full 0):
 garbage-first heap   total 520192K, used 4372K [0x0000000604800000, 0x0000000800000000)
  region size 4096K, 1 young (4096K), 1 survivors (4096K)
 Metaspace       used 2518K, committed 2752K, reserved 1056768K
  class space    used 186K, committed 320K, reserved 1048576K
}
Event: 8484.575 GC heap before
{Heap before GC invocations=777 (full 0):
 garbage-first heap   total 520192K, used 311572K [0x0000000604800000, 0x0000000800000000)
  region size 4096K, 76 young (311296K), 1 survivors (4096K)
 Metaspace       used 2518K, committed 2752K, reserved 1056768K
  class space    used 186K, committed 320K, reserved 1048576K
}
Event: 8484.576 GC heap after
{Heap after GC invocations=778 (full 0):
 garbage-first heap   total 520192K, used 4381K [0x0000000604800000, 0x0000000800000000)
  region size 4096K, 1 young (4096K), 1 survivors (4096K)
 Metaspace       used 2518K, committed 2752K, reserved 1056768K
  class space    used 186K, committed 320K, reserved 1048576K
}
Event: 8485.728 GC heap before
{Heap before GC invocations=778 (full 0):
 garbage-first heap   total 520192K, used 311581K [0x0000000604800000, 0x0000000800000000)
  region size 4096K, 76 young (311296K), 1 survivors (4096K)
 Metaspace       used 2518K, committed 2752K, reserved 1056768K
  class space    used 186K, committed 320K, reserved 1048576K
}
Event: 8485.729 GC heap after
{Heap after GC invocations=779 (full 0):
 garbage-first heap   total 520192K, used 4354K [0x0000000604800000, 0x0000000800000000)
  region size 4096K, 1 young (4096K), 1 survivors (4096K)
 Metaspace       used 2518K, committed 2752K, reserved 1056768K
  class space    used 186K, committed 320K, reserved 1048576K
}
Event: 8486.764 GC heap before
{Heap before GC invocations=779 (full 0):
 garbage-first heap   total 520192K, used 311554K [0x0000000604800000, 0x0000000800000000)
  region size 4096K, 76 young (311296K), 1 survivors (4096K)
 Metaspace       used 2518K, committed 2752K, reserved 1056768K
  class space    used 186K, committed 320K, reserved 1048576K
}
Event: 8486.765 GC heap after
{Heap after GC invocations=780 (full 0):
 garbage-first heap   total 520192K, used 4365K [0x0000000604800000, 0x0000000800000000)
  region size 4096K, 1 young (4096K), 1 survivors (4096K)
 Metaspace       used 2518K, committed 2752K, reserved 1056768K
  class space    used 186K, committed 320K, reserved 1048576K
}
Event: 8487.833 GC heap before
{Heap before GC invocations=780 (full 0):
 garbage-first heap   total 520192K, used 311565K [0x0000000604800000, 0x0000000800000000)
  region size 4096K, 76 young (311296K), 1 survivors (4096K)
 Metaspace       used 2518K, committed 2752K, reserved 1056768K
  class space    used 186K, committed 320K, reserved 1048576K
}
Event: 8487.834 GC heap after
{Heap after GC invocations=781 (full 0):
 garbage-first heap   total 520192K, used 4303K [0x0000000604800000, 0x0000000800000000)
  region size 4096K, 1 young (4096K), 1 survivors (4096K)
 Metaspace       used 2518K, committed 2752K, reserved 1056768K
  class space    used 186K, committed 320K, reserved 1048576K
}
Event: 8489.035 GC heap before
{Heap before GC invocations=781 (full 0):
 garbage-first heap   total 520192K, used 311503K [0x0000000604800000, 0x0000000800000000)
  region size 4096K, 76 young (311296K), 1 survivors (4096K)
 Metaspace       used 2518K, committed 2752K, reserved 1056768K
  class space    used 186K, committed 320K, reserved 1048576K
}
Event: 8489.036 GC heap after
{Heap after GC invocations=782 (full 0):
 garbage-first heap   total 520192K, used 4466K [0x0000000604800000, 0x0000000800000000)
  region size 4096K, 1 young (4096K), 1 survivors (4096K)
 Metaspace       used 2518K, committed 2752K, reserved 1056768K
  class space    used 186K, committed 320K, reserved 1048576K
}
Event: 8490.037 GC heap before
{Heap before GC invocations=782 (full 0):
 garbage-first heap   total 520192K, used 311666K [0x0000000604800000, 0x0000000800000000)
  region size 4096K, 76 young (311296K), 1 survivors (4096K)
 Metaspace       used 2518K, committed 2752K, reserved 1056768K
  class space    used 186K, committed 320K, reserved 1048576K
}
Event: 8490.038 GC heap after
{Heap after GC invocations=783 (full 0):
 garbage-first heap   total 520192K, used 4399K [0x0000000604800000, 0x0000000800000000)
  region size 4096K, 1 young (4096K), 1 survivors (4096K)
 Metaspace       used 2518K, committed 2752K, reserved 1056768K
  class space    used 186K, committed 320K, reserved 1048576K
}
Event: 8491.017 GC heap before
{Heap before GC invocations=783 (full 0):
 garbage-first heap   total 520192K, used 311599K [0x0000000604800000, 0x0000000800000000)
  region size 4096K, 76 young (311296K), 1 survivors (4096K)
 Metaspace       used 2518K, committed 2752K, reserved 1056768K
  class space    used 186K, committed 320K, reserved 1048576K
}
Event: 8491.018 GC heap after
{Heap after GC invocations=784 (full 0):
 garbage-first heap   total 520192K, used 4298K [0x0000000604800000, 0x0000000800000000)
  region size 4096K, 1 young (4096K), 1 survivors (4096K)
 Metaspace       used 2518K, committed 2752K, reserved 1056768K
  class space    used 186K, committed 320K, reserved 1048576K
}
Event: 8492.036 GC heap before
{Heap before GC invocations=784 (full 0):
 garbage-first heap   total 520192K, used 311498K [0x0000000604800000, 0x0000000800000000)
  region size 4096K, 76 young (311296K), 1 survivors (4096K)
 Metaspace       used 2518K, committed 2752K, reserved 1056768K
  class space    used 186K, committed 320K, reserved 1048576K
}
Event: 8492.037 GC heap after
{Heap after GC invocations=785 (full 0):
 garbage-first heap   total 520192K, used 4384K [0x0000000604800000, 0x0000000800000000)
  region size 4096K, 1 young (4096K), 1 survivors (4096K)
 Metaspace       used 2518K, committed 2752K, reserved 1056768K
  class space    used 186K, committed 320K, reserved 1048576K
}

Deoptimization events (20 events):
Event: 7440.988 Thread 0x0000020118840980 DEOPT PACKING pc=0x00000201209c19b8 sp=0x000000d725fff110
Event: 7440.988 Thread 0x0000020118840980 DEOPT UNPACKING pc=0x0000020120192b43 sp=0x000000d725ffe7b8 mode 0
Event: 7441.032 Thread 0x0000020118840980 Uncommon trap: trap_request=0x000000cc fr.pc=0x0000020127e960d0 relative=0x00000000000236f0
Event: 7441.032 Thread 0x0000020118840980 Uncommon trap: reason=unloaded action=reinterpret pc=0x0000020127e960d0 method=GurobiSolver.DAR3Index.solveDAR3Index([[I[LModel/Transport;[LModel/Vehicle;[[IIIDD)LModel/ObjectivesPoint; @ 2531 c2
Event: 7441.032 Thread 0x0000020118840980 DEOPT PACKING pc=0x0000020127e960d0 sp=0x000000d725fff3c0
Event: 7441.032 Thread 0x0000020118840980 DEOPT UNPACKING pc=0x00000201201923a3 sp=0x000000d725fff420 mode 2
Event: 7441.036 Thread 0x0000020118840980 DEOPT PACKING pc=0x00000201209c19b8 sp=0x000000d725fff120
Event: 7441.036 Thread 0x0000020118840980 DEOPT UNPACKING pc=0x0000020120192b43 sp=0x000000d725ffe7d0 mode 0
Event: 8116.190 Thread 0x0000020118840980 Uncommon trap: trap_request=0xffffff45 fr.pc=0x0000020127eb3c1c relative=0x000000000000035c
Event: 8116.190 Thread 0x0000020118840980 Uncommon trap: reason=unstable_if action=reinterpret pc=0x0000020127eb3c1c method=java.nio.charset.CharsetEncoder.encode(Ljava/nio/CharBuffer;Ljava/nio/ByteBuffer;Z)Ljava/nio/charset/CoderResult; @ 1 c2
Event: 8116.190 Thread 0x0000020118840980 DEOPT PACKING pc=0x0000020127eb3c1c sp=0x000000d725fff2e0
Event: 8116.190 Thread 0x0000020118840980 DEOPT UNPACKING pc=0x00000201201923a3 sp=0x000000d725fff2a8 mode 2
Event: 8253.556 Thread 0x0000020118840980 Uncommon trap: trap_request=0xffffff45 fr.pc=0x0000020127ecbf5c relative=0x00000000000014bc
Event: 8253.556 Thread 0x0000020118840980 Uncommon trap: reason=unstable_if action=reinterpret pc=0x0000020127ecbf5c method=java.util.ComparableTimSort.mergeCollapse()V @ 92 c2
Event: 8253.556 Thread 0x0000020118840980 DEOPT PACKING pc=0x0000020127ecbf5c sp=0x000000d725fff260
Event: 8253.556 Thread 0x0000020118840980 DEOPT UNPACKING pc=0x00000201201923a3 sp=0x000000d725fff1a8 mode 2
Event: 8253.556 Thread 0x0000020118840980 Uncommon trap: trap_request=0xffffff45 fr.pc=0x0000020127eec4b4 relative=0x00000000000002d4
Event: 8253.556 Thread 0x0000020118840980 Uncommon trap: reason=unstable_if action=reinterpret pc=0x0000020127eec4b4 method=java.util.ComparableTimSort.mergeAt(I)V @ 170 c2
Event: 8253.556 Thread 0x0000020118840980 DEOPT PACKING pc=0x0000020127eec4b4 sp=0x000000d725fff180
Event: 8253.556 Thread 0x0000020118840980 DEOPT UNPACKING pc=0x00000201201923a3 sp=0x000000d725fff110 mode 2

Classes unloaded (0 events):
No events

Classes redefined (0 events):
No events

Internal exceptions (18 events):
Event: 0.223 Thread 0x0000020145a8d840 Exception <a 'java/lang/NoSuchMethodError'{0x00000006242e5fc8}: 'java.lang.Object java.lang.invoke.DirectMethodHandle$Holder.invokeStaticInit(java.lang.Object)'> (0x00000006242e5fc8) 
thrown [s\open\src\hotspot\share\interpreter\linkResolver.cpp, line 759]
Event: 0.233 Thread 0x0000020145a8d840 Exception <a 'java/lang/NoSuchMethodError'{0x00000006242f3cd8}: 'void java.lang.invoke.DirectMethodHandle$Holder.invokeStatic(java.lang.Object, java.lang.Object)'> (0x00000006242f3cd8) 
thrown [s\open\src\hotspot\share\interpreter\linkResolver.cpp, line 759]
Event: 0.264 Thread 0x0000020118840980 Exception <a 'java/lang/NoSuchMethodError'{0x00000006243c7d90}: 'void java.lang.invoke.DirectMethodHandle$Holder.invokeSpecial(java.lang.Object, java.lang.Object, java.lang.Object, java.lang.Object, java.lang.Object)'> (0x00000006243c7d90) 
thrown [s\open\src\hotspot\share\interpreter\linkResolver.cpp, line 759]
Event: 0.266 Thread 0x0000020118840980 Exception <a 'java/lang/NoSuchMethodError'{0x00000006243d02e0}: 'void java.lang.invoke.DirectMethodHandle$Holder.invokeStatic(java.lang.Object, java.lang.Object, java.lang.Object)'> (0x00000006243d02e0) 
thrown [s\open\src\hotspot\share\interpreter\linkResolver.cpp, line 759]
Event: 0.272 Thread 0x0000020118840980 Exception <a 'java/lang/NoSuchMethodError'{0x00000006243e1128}: 'void java.lang.invoke.DirectMethodHandle$Holder.invokeStatic(java.lang.Object, java.lang.Object, java.lang.Object, java.lang.Object)'> (0x00000006243e1128) 
thrown [s\open\src\hotspot\share\interpreter\linkResolver.cpp, line 759]
Event: 0.366 Thread 0x0000020118840980 Exception <a 'java/lang/NoSuchMethodError'{0x0000000623e9f3c0}: 'java.lang.Object java.lang.invoke.DirectMethodHandle$Holder.newInvokeSpecial(java.lang.Object, java.lang.Object, int, java.lang.Object, java.lang.Object)'> (0x0000000623e9f3c0) 
thrown [s\open\src\hotspot\share\interpreter\linkResolver.cpp, line 759]
Event: 0.371 Thread 0x0000020118840980 Exception <a 'java/lang/NoSuchMethodError'{0x0000000623ebd4d8}: 'java.lang.Object java.lang.invoke.Invokers$Holder.linkToTargetMethod(java.lang.Object, int, java.lang.Object, java.lang.Object, java.lang.Object, java.lang.Object)'> (0x0000000623ebd4d8) 
thrown [s\open\src\hotspot\share\interpreter\linkResolver.cpp, line 759]
Event: 0.375 Thread 0x0000020118840980 Exception <a 'java/lang/NoSuchMethodError'{0x0000000623ed2ae0}: 'java.lang.Object java.lang.invoke.DirectMethodHandle$Holder.newInvokeSpecial(java.lang.Object, java.lang.Object, int, java.lang.Object)'> (0x0000000623ed2ae0) 
thrown [s\open\src\hotspot\share\interpreter\linkResolver.cpp, line 759]
Event: 0.376 Thread 0x0000020118840980 Exception <a 'java/lang/NoSuchMethodError'{0x0000000623ed6c18}: 'java.lang.Object java.lang.invoke.DirectMethodHandle$Holder.invokeSpecial(java.lang.Object, java.lang.Object, java.lang.Object, int, java.lang.Object)'> (0x0000000623ed6c18) 
thrown [s\open\src\hotspot\share\interpreter\linkResolver.cpp, line 759]
Event: 0.376 Thread 0x0000020118840980 Exception <a 'java/lang/NoSuchMethodError'{0x0000000623eda538}: 'java.lang.Object java.lang.invoke.Invokers$Holder.linkToTargetMethod(java.lang.Object, int, java.lang.Object, java.lang.Object)'> (0x0000000623eda538) 
thrown [s\open\src\hotspot\share\interpreter\linkResolver.cpp, line 759]
Event: 0.448 Thread 0x0000020118840980 Exception <a 'java/lang/NoSuchMethodError'{0x00000006239d8128}: 'java.lang.Object java.lang.invoke.DirectMethodHandle$Holder.invokeSpecial(java.lang.Object, java.lang.Object, int, double)'> (0x00000006239d8128) 
thrown [s\open\src\hotspot\share\interpreter\linkResolver.cpp, line 759]
Event: 0.453 Thread 0x0000020118840980 Exception <a 'java/lang/NoSuchMethodError'{0x00000006239f5b68}: 'double java.lang.invoke.DirectMethodHandle$Holder.invokeStatic(java.lang.Object, java.lang.Object)'> (0x00000006239f5b68) 
thrown [s\open\src\hotspot\share\interpreter\linkResolver.cpp, line 759]
Event: 0.456 Thread 0x0000020118840980 Exception <a 'java/lang/NoSuchMethodError'{0x0000000623a00150}: 'java.lang.Object java.lang.invoke.Invokers$Holder.invokeExact_MT(java.lang.Object, java.lang.Object, java.lang.Object, java.lang.Object, java.lang.Object, java.lang.Object)'> (0x0000000623a00150) 
thrown [s\open\src\hotspot\share\interpreter\linkResolver.cpp, line 759]
Event: 0.462 Thread 0x0000020118840980 Exception <a 'java/lang/NoSuchMethodError'{0x0000000623a25378}: 'java.lang.Object java.lang.invoke.DirectMethodHandle$Holder.newInvokeSpecial(java.lang.Object, java.lang.Object, int)'> (0x0000000623a25378) 
thrown [s\open\src\hotspot\share\interpreter\linkResolver.cpp, line 759]
Event: 10.470 Thread 0x0000020118840980 Exception <a 'java/lang/NoSuchMethodError'{0x000000061e394ac0}: 'java.lang.Object java.lang.invoke.DirectMethodHandle$Holder.invokeSpecial(java.lang.Object, java.lang.Object, double, double)'> (0x000000061e394ac0) 
thrown [s\open\src\hotspot\share\interpreter\linkResolver.cpp, line 759]
Event: 159.290 Thread 0x0000020118840980 Exception <a 'java/lang/NoSuchMethodError'{0x00000006171d8830}: 'double java.lang.invoke.DirectMethodHandle$Holder.invokeVirtual(java.lang.Object, java.lang.Object)'> (0x00000006171d8830) 
thrown [s\open\src\hotspot\share\interpreter\linkResolver.cpp, line 759]
Event: 159.437 Thread 0x0000020118840980 Implicit null exception at 0x0000020127e5a04f to 0x0000020127e5a224
Event: 7359.823 Thread 0x0000020118840980 Implicit null exception at 0x0000020127e29802 to 0x0000020127e29884

VM Operations (20 events):
Event: 8482.505 Executing VM operation: G1CollectForAllocation
Event: 8482.507 Executing VM operation: G1CollectForAllocation done
Event: 8483.530 Executing VM operation: G1CollectForAllocation
Event: 8483.531 Executing VM operation: G1CollectForAllocation done
Event: 8484.575 Executing VM operation: G1CollectForAllocation
Event: 8484.576 Executing VM operation: G1CollectForAllocation done
Event: 8485.728 Executing VM operation: G1CollectForAllocation
Event: 8485.729 Executing VM operation: G1CollectForAllocation done
Event: 8486.764 Executing VM operation: G1CollectForAllocation
Event: 8486.765 Executing VM operation: G1CollectForAllocation done
Event: 8487.833 Executing VM operation: G1CollectForAllocation
Event: 8487.834 Executing VM operation: G1CollectForAllocation done
Event: 8489.035 Executing VM operation: G1CollectForAllocation
Event: 8489.036 Executing VM operation: G1CollectForAllocation done
Event: 8490.037 Executing VM operation: G1CollectForAllocation
Event: 8490.038 Executing VM operation: G1CollectForAllocation done
Event: 8491.017 Executing VM operation: G1CollectForAllocation
Event: 8491.018 Executing VM operation: G1CollectForAllocation done
Event: 8492.036 Executing VM operation: G1CollectForAllocation
Event: 8492.037 Executing VM operation: G1CollectForAllocation done

Events (20 events):
Event: 8116.195 Thread 0x0000020144fafb70 flushing nmethod 0x0000020120991c90
Event: 8116.195 Thread 0x0000020144fafb70 flushing nmethod 0x0000020120993a90
Event: 8116.195 Thread 0x0000020144fafb70 flushing nmethod 0x0000020120993e10
Event: 8116.195 Thread 0x0000020144fafb70 flushing nmethod 0x0000020120994e90
Event: 8116.195 Thread 0x0000020144fafb70 flushing nmethod 0x0000020120996d10
Event: 8116.195 Thread 0x0000020144fafb70 flushing nmethod 0x000002012099e590
Event: 8116.195 Thread 0x0000020144fafb70 flushing nmethod 0x00000201209b7f90
Event: 8116.195 Thread 0x0000020144fafb70 flushing nmethod 0x00000201209ba090
Event: 8116.195 Thread 0x0000020144fafb70 flushing nmethod 0x00000201209c8310
Event: 8116.195 Thread 0x0000020144fafb70 flushing nmethod 0x00000201209c8f90
Event: 8116.195 Thread 0x0000020144fafb70 flushing nmethod 0x00000201209d2c90
Event: 8116.195 Thread 0x0000020144fafb70 flushing nmethod 0x00000201209d5190
Event: 8116.195 Thread 0x0000020144fafb70 flushing nmethod 0x00000201209d6b10
Event: 8116.195 Thread 0x0000020144fafb70 flushing nmethod 0x00000201209e3f10
Event: 8116.195 Thread 0x0000020144fafb70 flushing nmethod 0x00000201209e4510
Event: 8116.195 Thread 0x0000020144fafb70 flushing nmethod 0x00000201209e5210
Event: 8116.195 Thread 0x0000020144fafb70 flushing nmethod 0x00000201209f2810
Event: 8116.195 Thread 0x0000020144fafb70 flushing nmethod 0x00000201209f3910
Event: 8116.195 Thread 0x0000020144fafb70 flushing nmethod 0x00000201209f6510
Event: 8116.195 Thread 0x0000020144fafb70 flushing nmethod 0x0000020120a02010


Dynamic libraries:
0x00007ff7a6180000 - 0x00007ff7a6190000 	C:\Program Files\Java\jdk-17.0.5\bin\java.exe
0x00007ff98b510000 - 0x00007ff98b724000 	C:\WINDOWS\SYSTEM32\ntdll.dll
0x00007ff98a440000 - 0x00007ff98a504000 	C:\WINDOWS\System32\KERNEL32.DLL
0x00007ff988ef0000 - 0x00007ff989294000 	C:\WINDOWS\System32\KERNELBASE.dll
0x00007ff988ae0000 - 0x00007ff988bf1000 	C:\WINDOWS\System32\ucrtbase.dll
0x00007ff972660000 - 0x00007ff97267a000 	C:\Program Files\Java\jdk-17.0.5\bin\VCRUNTIME140.dll
0x00007ff971650000 - 0x00007ff971668000 	C:\Program Files\Java\jdk-17.0.5\bin\jli.dll
0x00007ff9892d0000 - 0x00007ff989380000 	C:\WINDOWS\System32\ADVAPI32.dll
0x00007ff989680000 - 0x00007ff989727000 	C:\WINDOWS\System32\msvcrt.dll
0x00007ff98aaa0000 - 0x00007ff98ab46000 	C:\WINDOWS\System32\sechost.dll
0x00007ff98b370000 - 0x00007ff98b487000 	C:\WINDOWS\System32\RPCRT4.dll
0x00007ff98a200000 - 0x00007ff98a3aa000 	C:\WINDOWS\System32\USER32.dll
0x00007ff9892a0000 - 0x00007ff9892c6000 	C:\WINDOWS\System32\win32u.dll
0x00007ff96cba0000 - 0x00007ff96ce2f000 	C:\WINDOWS\WinSxS\amd64_microsoft.windows.common-controls_6595b64144ccf1df_6.0.22621.2070_none_2713e6537381f706\COMCTL32.dll
0x00007ff989860000 - 0x00007ff989889000 	C:\WINDOWS\System32\GDI32.dll
0x00007ff988c00000 - 0x00007ff988d19000 	C:\WINDOWS\System32\gdi32full.dll
0x00007ff988e50000 - 0x00007ff988eea000 	C:\WINDOWS\System32\msvcp_win.dll
0x00007ff97d900000 - 0x00007ff97d90a000 	C:\WINDOWS\SYSTEM32\VERSION.dll
0x00007ff98b490000 - 0x00007ff98b4c1000 	C:\WINDOWS\System32\IMM32.DLL
0x0000020117020000 - 0x0000020117034000 	C:\WINDOWS\System32\umppc17010.dll
0x00007ff9726a0000 - 0x00007ff9726ac000 	C:\Program Files\Java\jdk-17.0.5\bin\vcruntime140_1.dll
0x00007ff966150000 - 0x00007ff9661dd000 	C:\Program Files\Java\jdk-17.0.5\bin\msvcp140.dll
0x00007ff916c60000 - 0x00007ff917822000 	C:\Program Files\Java\jdk-17.0.5\bin\server\jvm.dll
0x00007ff989890000 - 0x00007ff989898000 	C:\WINDOWS\System32\PSAPI.DLL
0x00007ff972e00000 - 0x00007ff972e09000 	C:\WINDOWS\SYSTEM32\WSOCK32.dll
0x00007ff9894a0000 - 0x00007ff989511000 	C:\WINDOWS\System32\WS2_32.dll
0x00007ff97b2f0000 - 0x00007ff97b324000 	C:\WINDOWS\SYSTEM32\WINMM.dll
0x00007ff9878f0000 - 0x00007ff987908000 	C:\WINDOWS\SYSTEM32\kernel.appcore.dll
0x00007ff972650000 - 0x00007ff97265a000 	C:\Program Files\Java\jdk-17.0.5\bin\jimage.dll
0x00007ff985f20000 - 0x00007ff98614e000 	C:\WINDOWS\SYSTEM32\DBGHELP.DLL
0x00007ff9898b0000 - 0x00007ff989c3a000 	C:\WINDOWS\System32\combase.dll
0x00007ff989de0000 - 0x00007ff989eb7000 	C:\WINDOWS\System32\OLEAUT32.dll
0x00007ff975c10000 - 0x00007ff975c42000 	C:\WINDOWS\SYSTEM32\dbgcore.DLL
0x00007ff988a60000 - 0x00007ff988ada000 	C:\WINDOWS\System32\bcryptPrimitives.dll
0x00007ff981f40000 - 0x00007ff981f4e000 	C:\Program Files\Java\jdk-17.0.5\bin\instrument.dll
0x00007ff971400000 - 0x00007ff971425000 	C:\Program Files\Java\jdk-17.0.5\bin\java.dll
0x00007ff949370000 - 0x00007ff949446000 	C:\Program Files\Java\jdk-17.0.5\bin\jsvml.dll
0x00007ff98ab50000 - 0x00007ff98b366000 	C:\WINDOWS\System32\SHELL32.dll
0x00007ff9865b0000 - 0x00007ff986e9a000 	C:\WINDOWS\SYSTEM32\windows.storage.dll
0x00007ff986470000 - 0x00007ff9865ae000 	C:\WINDOWS\SYSTEM32\wintypes.dll
0x00007ff989580000 - 0x00007ff989673000 	C:\WINDOWS\System32\SHCORE.dll
0x00007ff98a530000 - 0x00007ff98a58e000 	C:\WINDOWS\System32\shlwapi.dll
0x00007ff988820000 - 0x00007ff988846000 	C:\WINDOWS\SYSTEM32\profapi.dll
0x00007ff96c610000 - 0x00007ff96c628000 	C:\Program Files\Java\jdk-17.0.5\bin\zip.dll
0x00007ff96fb90000 - 0x00007ff96fba9000 	C:\Program Files\Java\jdk-17.0.5\bin\net.dll
0x00007ff987910000 - 0x00007ff987a47000 	C:\WINDOWS\SYSTEM32\WINHTTP.dll
0x00007ff987ea0000 - 0x00007ff987f09000 	C:\WINDOWS\system32\mswsock.dll
0x00007ff96ef60000 - 0x00007ff96ef76000 	C:\Program Files\Java\jdk-17.0.5\bin\nio.dll
0x00007ff97fd90000 - 0x00007ff97fdaa000 	C:\Users\hoang.nguyen2\AppData\Local\JetBrains\IntelliJ IDEA 2022.3\bin\breakgen64.dll
0x00007ff9763c0000 - 0x00007ff9763f2000 	C:\gurobi1001\win64\bin\GurobiJni100.dll
0x00007ff90b110000 - 0x00007ff90d325000 	C:\gurobi1001\win64\bin\gurobi100.dll
0x00007ff9888f0000 - 0x00007ff988a57000 	C:\WINDOWS\System32\CRYPT32.dll
0x00007ff989380000 - 0x00007ff9893e2000 	C:\WINDOWS\System32\WLDAP32.dll
0x00007ff98aa80000 - 0x00007ff98aa88000 	C:\WINDOWS\System32\Normaliz.dll
0x00007ff9882b0000 - 0x00007ff9882d8000 	C:\WINDOWS\SYSTEM32\bcrypt.dll
0x00007ff987c90000 - 0x00007ff987cd2000 	C:\WINDOWS\SYSTEM32\SspiCli.dll

dbghelp: loaded successfully - version: 4.0.5 - missing functions: none
symbol engine: initialized successfully - sym options: 0x614 - pdb path: .;C:\Program Files\Java\jdk-17.0.5\bin;C:\WINDOWS\SYSTEM32;C:\WINDOWS\WinSxS\amd64_microsoft.windows.common-controls_6595b64144ccf1df_6.0.22621.2070_none_2713e6537381f706;C:\Program Files\Java\jdk-17.0.5\bin\server;C:\Users\hoang.nguyen2\AppData\Local\JetBrains\IntelliJ IDEA 2022.3\bin;C:\gurobi1001\win64\bin

VM Arguments:
jvm_args: -javaagent:C:\Users\hoang.nguyen2\AppData\Local\JetBrains\IntelliJ IDEA 2022.3\lib\idea_rt.jar=65156:C:\Users\hoang.nguyen2\AppData\Local\JetBrains\IntelliJ IDEA 2022.3\bin -Dfile.encoding=UTF-8 
java_command: Bechmark.Main
java_class_path (initial): C:\Users\hoang.nguyen2\IdeaProjects\BM_MD_1-1_PDP\target\classes;C:\Users\hoang.nguyen2\.m2\repository\com\github\sh0nk\matplotlib4j\0.5.0\matplotlib4j-0.5.0.jar;C:\Users\hoang.nguyen2\.m2\repository\com\google\guava\guava\15.0\guava-15.0.jar;C:\Users\hoang.nguyen2\.m2\repository\org\slf4j\slf4j-api\1.7.7\slf4j-api-1.7.7.jar;C:\Users\hoang.nguyen2\.m2\repository\org\slf4j\slf4j-log4j12\1.7.7\slf4j-log4j12-1.7.7.jar;C:\Users\hoang.nguyen2\.m2\repository\log4j\log4j\1.2.17\log4j-1.2.17.jar;C:\gurobi1001\win64\lib\gurobi.jar
Launcher Type: SUN_STANDARD

[Global flags]
     intx CICompilerCount                          = 4                                         {product} {ergonomic}
     uint ConcGCThreads                            = 3                                         {product} {ergonomic}
     uint G1ConcRefinementThreads                  = 10                                        {product} {ergonomic}
   size_t G1HeapRegionSize                         = 4194304                                   {product} {ergonomic}
    uintx GCDrainStackTargetSize                   = 64                                        {product} {ergonomic}
   size_t InitialHeapSize                          = 532676608                                 {product} {ergonomic}
   size_t MarkStackSize                            = 4194304                                   {product} {ergonomic}
   size_t MaxHeapSize                              = 8514437120                                {product} {ergonomic}
   size_t MaxNewSize                               = 5108662272                                {product} {ergonomic}
   size_t MinHeapDeltaBytes                        = 4194304                                   {product} {ergonomic}
   size_t MinHeapSize                              = 8388608                                   {product} {ergonomic}
    uintx NonNMethodCodeHeapSize                   = 5839372                                {pd product} {ergonomic}
    uintx NonProfiledCodeHeapSize                  = 122909434                              {pd product} {ergonomic}
    uintx ProfiledCodeHeapSize                     = 122909434                              {pd product} {ergonomic}
    uintx ReservedCodeCacheSize                    = 251658240                              {pd product} {ergonomic}
     bool SegmentedCodeCache                       = true                                      {product} {ergonomic}
   size_t SoftMaxHeapSize                          = 8514437120                             {manageable} {ergonomic}
     bool UseCompressedClassPointers               = true                           {product lp64_product} {ergonomic}
     bool UseCompressedOops                        = true                           {product lp64_product} {ergonomic}
     bool UseG1GC                                  = true                                      {product} {ergonomic}
     bool UseLargePagesIndividualAllocation        = false                                  {pd product} {ergonomic}

Logging:
Log output configuration:
 #0: stdout all=warning uptime,level,tags
 #1: stderr all=off uptime,level,tags

Environment Variables:
PATH=C:\gurobi1001\win64\bin;C:\Program Files\Common Files\Oracle\Java\javapath;C:\WINDOWS\system32;C:\WINDOWS;C:\WINDOWS\System32\Wbem;C:\WINDOWS\System32\WindowsPowerShell\v1.0\;C:\WINDOWS\System32\OpenSSH\;C:\Program Files\dotnet\;C:\Program Files (x86)\Common Files\Pulse Secure\VC142.CRT\X64\;C:\Program Files\nodejs\;C:\Program Files (x86)\Pulse Secure\VC142.CRT\X64\;C:\Program Files (x86)\Pulse Secure\VC142.CRT\X86\;C:\Program Files (x86)\Common Files\Pulse Secure\TNC Client Plugin\;C:\Program Files\PuTTY\;C:\Users\hoang.nguyen2\AppData\Local\Programs\Python\Python311\Scripts\;C:\Users\hoang.nguyen2\AppData\Local\Programs\Python\Python311\;C:\Users\hoang.nguyen2\AppData\Local\Microsoft\WindowsApps;C:\Users\hoang.nguyen2\AppData\Local\Programs\Git\cmd;C:\Users\hoang.nguyen2\AppData\Roaming\npm
USERNAME=hoang.nguyen2
OS=Windows_NT
PROCESSOR_IDENTIFIER=Intel64 Family 6 Model 158 Stepping 10, GenuineIntel



---------------  S Y S T E M  ---------------

OS:
 Windows 11 , 64 bit Build 22621 (10.0.22621.2070)
OS uptime: 3 days 1:16 hours
Hyper-V role detected

CPU: total 12 (initial active 12) (6 cores per cpu, 2 threads per core) family 6 model 158 stepping 10 microcode 0xf0, cx8, cmov, fxsr, ht, mmx, 3dnowpref, sse, sse2, sse3, ssse3, sse4.1, sse4.2, popcnt, lzcnt, tsc, tscinvbit, avx, avx2, aes, erms, clmul, bmi1, bmi2, rtm, adx, fma, vzeroupper, clflush, clflushopt, hv

Memory: 4k page, system-wide physical 32475M (14381M free)
TotalPageFile size 92834M (AvailPageFile size 9241M)
current process WorkingSet (physical memory assigned to process): 408M, peak: 2334M
current process commit charge ("private bytes"): 668M, peak: 3484M

vm_info: Java HotSpot(TM) 64-Bit Server VM (17.0.5+9-LTS-191) for windows-amd64 JRE (17.0.5+9-LTS-191), built on Sep 13 2022 17:31:43 by "mach5one" with MS VC++ 16.8 / 16.9 (VS2019)

END.
